# JRE version: OpenJDK Runtime Environment (11.0.10) (build 11.0.10+0-b96-7249189)
# Java VM: OpenJDK 64-Bit Server VM (11.0.10+0-b96-7249189, mixed mode, tiered, compressed oops, g1 gc, windows-amd64)
Heap:
 garbage-first heap   total 225280K, used 122183K [0x0000000080000000, 0x0000000100000000)
  region size 1024K, 38 young (38912K), 6 survivors (6144K)
 Metaspace       used 96294K, capacity 98766K, committed 98944K, reserved 1134592K
  class space    used 12429K, capacity 13356K, committed 13440K, reserved 1048576K
GC Heap History (20 events):
Event: 37.279 GC heap before
{Heap before GC invocations=26 (full 0):
 garbage-first heap   total 225280K, used 86298K [0x0000000080000000, 0x0000000100000000)
  region size 1024K, 11 young (11264K), 1 survivors (1024K)
 Metaspace       used 84466K, capacity 86442K, committed 86656K, reserved 1124352K
  class space    used 10893K, capacity 11626K, committed 11648K, reserved 1048576K
}
Event: 37.289 GC heap after
{Heap after GC invocations=27 (full 0):
 garbage-first heap   total 225280K, used 76735K [0x0000000080000000, 0x0000000100000000)
  region size 1024K, 2 young (2048K), 2 survivors (2048K)
 Metaspace       used 84466K, capacity 86442K, committed 86656K, reserved 1124352K
  class space    used 10893K, capacity 11626K, committed 11648K, reserved 1048576K
}
Event: 38.145 GC heap before
{Heap before GC invocations=27 (full 0):
 garbage-first heap   total 225280K, used 86975K [0x0000000080000000, 0x0000000100000000)
  region size 1024K, 13 young (13312K), 2 survivors (2048K)
 Metaspace       used 85469K, capacity 87506K, committed 87680K, reserved 1124352K
  class space    used 11084K, capacity 11862K, committed 11904K, reserved 1048576K
}
Event: 38.157 GC heap after
{Heap after GC invocations=28 (full 0):
 garbage-first heap   total 225280K, used 77793K [0x0000000080000000, 0x0000000100000000)
  region size 1024K, 2 young (2048K), 2 survivors (2048K)
 Metaspace       used 85469K, capacity 87506K, committed 87680K, reserved 1124352K
  class space    used 11084K, capacity 11862K, committed 11904K, reserved 1048576K
}
Event: 39.402 GC heap before
{Heap before GC invocations=28 (full 0):
 garbage-first heap   total 225280K, used 90081K [0x0000000080000000, 0x0000000100000000)
  region size 1024K, 15 young (15360K), 2 survivors (2048K)
 Metaspace       used 86283K, capacity 88381K, committed 88576K, reserved 1126400K
  class space    used 11174K, capacity 11974K, committed 12032K, reserved 1048576K
}
Event: 39.417 GC heap after
{Heap after GC invocations=29 (full 0):
 garbage-first heap   total 225280K, used 78776K [0x0000000080000000, 0x0000000100000000)
  region size 1024K, 2 young (2048K), 2 survivors (2048K)
 Metaspace       used 86283K, capacity 88381K, committed 88576K, reserved 1126400K
  class space    used 11174K, capacity 11974K, committed 12032K, reserved 1048576K
}
Event: 40.242 GC heap before
{Heap before GC invocations=29 (full 0):
 garbage-first heap   total 225280K, used 93112K [0x0000000080000000, 0x0000000100000000)
  region size 1024K, 17 young (17408K), 2 survivors (2048K)
 Metaspace       used 86600K, capacity 88785K, committed 88832K, reserved 1126400K
  class space    used 11202K, capacity 11997K, committed 12032K, reserved 1048576K
}
Event: 40.258 GC heap after
{Heap after GC invocations=30 (full 0):
 garbage-first heap   total 225280K, used 80461K [0x0000000080000000, 0x0000000100000000)
  region size 1024K, 3 young (3072K), 3 survivors (3072K)
 Metaspace       used 86600K, capacity 88785K, committed 88832K, reserved 1126400K
  class space    used 11202K, capacity 11997K, committed 12032K, reserved 1048576K
}
Event: 42.009 GC heap before
{Heap before GC invocations=30 (full 0):
 garbage-first heap   total 225280K, used 97869K [0x0000000080000000, 0x0000000100000000)
  region size 1024K, 21 young (21504K), 3 survivors (3072K)
 Metaspace       used 86844K, capacity 89032K, committed 89088K, reserved 1126400K
  class space    used 11211K, capacity 12007K, committed 12032K, reserved 1048576K
}
Event: 42.026 GC heap after
{Heap after GC invocations=31 (full 0):
 garbage-first heap   total 225280K, used 81357K [0x0000000080000000, 0x0000000100000000)
  region size 1024K, 3 young (3072K), 3 survivors (3072K)
 Metaspace       used 86844K, capacity 89032K, committed 89088K, reserved 1126400K
  class space    used 11211K, capacity 12007K, committed 12032K, reserved 1048576K
}
Event: 43.553 GC heap before
{Heap before GC invocations=31 (full 0):
 garbage-first heap   total 225280K, used 103885K [0x0000000080000000, 0x0000000100000000)
  region size 1024K, 25 young (25600K), 3 survivors (3072K)
 Metaspace       used 87632K, capacity 89800K, committed 89984K, reserved 1126400K
  class space    used 11303K, capacity 12118K, committed 12160K, reserved 1048576K
}
Event: 43.569 GC heap after
{Heap after GC invocations=32 (full 0):
 garbage-first heap   total 225280K, used 83009K [0x0000000080000000, 0x0000000100000000)
  region size 1024K, 3 young (3072K), 3 survivors (3072K)
 Metaspace       used 87632K, capacity 89800K, committed 89984K, reserved 1126400K
  class space    used 11303K, capacity 12118K, committed 12160K, reserved 1048576K
}
Event: 44.378 GC heap before
{Heap before GC invocations=32 (full 0):
 garbage-first heap   total 225280K, used 109633K [0x0000000080000000, 0x0000000100000000)
  region size 1024K, 30 young (30720K), 3 survivors (3072K)
 Metaspace       used 89120K, capacity 91279K, committed 91520K, reserved 1128448K
  class space    used 11507K, capacity 12310K, committed 12416K, reserved 1048576K
}
Event: 44.394 GC heap after
{Heap after GC invocations=33 (full 0):
 garbage-first heap   total 225280K, used 84050K [0x0000000080000000, 0x0000000100000000)
  region size 1024K, 3 young (3072K), 3 survivors (3072K)
 Metaspace       used 89120K, capacity 91279K, committed 91520K, reserved 1128448K
  class space    used 11507K, capacity 12310K, committed 12416K, reserved 1048576K
}
Event: 45.179 GC heap before
{Heap before GC invocations=33 (full 0):
 garbage-first heap   total 225280K, used 118866K [0x0000000080000000, 0x0000000100000000)
  region size 1024K, 37 young (37888K), 3 survivors (3072K)
 Metaspace       used 91875K, capacity 94063K, committed 94080K, reserved 1130496K
  class space    used 11834K, capacity 12662K, committed 12672K, reserved 1048576K
}
Event: 45.194 GC heap after
{Heap after GC invocations=34 (full 0):
 garbage-first heap   total 225280K, used 85498K [0x0000000080000000, 0x0000000100000000)
  region size 1024K, 3 young (3072K), 3 survivors (3072K)
 Metaspace       used 91875K, capacity 94063K, committed 94080K, reserved 1130496K
  class space    used 11834K, capacity 12662K, committed 12672K, reserved 1048576K
}
Event: 50.736 GC heap before
{Heap before GC invocations=34 (full 0):
 garbage-first heap   total 225280K, used 129530K [0x0000000080000000, 0x0000000100000000)
  region size 1024K, 46 young (47104K), 3 survivors (3072K)
 Metaspace       used 94006K, capacity 96227K, committed 96384K, reserved 1132544K
  class space    used 12103K, capacity 12928K, committed 12928K, reserved 1048576K
}
Event: 50.756 GC heap after
{Heap after GC invocations=35 (full 0):
 garbage-first heap   total 225280K, used 89375K [0x0000000080000000, 0x0000000100000000)
  region size 1024K, 6 young (6144K), 6 survivors (6144K)
 Metaspace       used 94006K, capacity 96227K, committed 96384K, reserved 1132544K
  class space    used 12103K, capacity 12928K, committed 12928K, reserved 1048576K
}
Event: 72.095 GC heap before
{Heap before GC invocations=35 (full 0):
 garbage-first heap   total 225280K, used 141599K [0x0000000080000000, 0x0000000100000000)
  region size 1024K, 58 young (59392K), 6 survivors (6144K)
 Metaspace       used 96235K, capacity 98690K, committed 98944K, reserved 1134592K
  class space    used 12426K, capacity 13354K, committed 13440K, reserved 1048576K
}
Event: 72.128 GC heap after
{Heap after GC invocations=36 (full 0):
 garbage-first heap   total 225280K, used 91463K [0x0000000080000000, 0x0000000100000000)
  region size 1024K, 6 young (6144K), 6 survivors (6144K)
 Metaspace       used 96235K, capacity 98690K, committed 98944K, reserved 1134592K
  class space    used 12426K, capacity 13354K, committed 13440K, reserved 1048576K
}

